{"/Users/alfredobenitez/Desktop/PROYECTO FINAL /Proyect final front/src/app/app.tsx": {"path":"/Users/alfredobenitez/Desktop/PROYECTO FINAL /Proyect final front/src/app/app.tsx","statementMap":{"0":{"start":{"line":1,"column":0},"end":{"line":1,"column":72}},"1":{"start":{"line":2,"column":0},"end":{"line":2,"column":60}},"2":{"start":{"line":3,"column":0},"end":{"line":3,"column":42}},"3":{"start":{"line":4,"column":0},"end":{"line":4,"column":35}},"4":{"start":{"line":6,"column":0},"end":{"line":6,"column":47}},"5":{"start":{"line":7,"column":0},"end":{"line":7,"column":53}},"6":{"start":{"line":8,"column":0},"end":{"line":8,"column":44}},"7":{"start":{"line":9,"column":0},"end":{"line":9,"column":67}},"8":{"start":{"line":10,"column":0},"end":{"line":10,"column":34}},"9":{"start":{"line":13,"column":19},"end":{"line":13,"column":32}},"10":{"start":{"line":14,"column":2},"end":{"line":23,"column":17}},"11":{"start":{"line":15,"column":20},"end":{"line":15,"column":49}},"12":{"start":{"line":16,"column":4},"end":{"line":22,"column":null}},"13":{"start":{"line":17,"column":27},"end":{"line":17,"column":45}},"14":{"start":{"line":18,"column":6},"end":{"line":21,"column":null}},"15":{"start":{"line":19,"column":37},"end":{"line":19,"column":63}},"16":{"start":{"line":20,"column":8},"end":{"line":20,"column":42}},"17":{"start":{"line":25,"column":35},"end":{"line":29,"column":4}},"18":{"start":{"line":31,"column":2},"end":{"line":43,"column":4}},"19":{"start":{"line":12,"column":0},"end":{"line":12,"column":24}}},"fnMap":{"0":{"name":"App","decl":{"start":{"line":12,"column":24},"end":{"line":12,"column":27}},"loc":{"start":{"line":12,"column":27},"end":{"line":44,"column":1}}},"1":{"name":"(anonymous_1)","decl":{"start":{"line":14,"column":12},"end":{"line":14,"column":15}},"loc":{"start":{"line":14,"column":17},"end":{"line":23,"column":3}}}},"branchMap":{"0":{"loc":{"start":{"line":16,"column":4},"end":{"line":22,"column":null}},"type":"if","locations":[{"start":{"line":16,"column":4},"end":{"line":22,"column":null}}]},"1":{"loc":{"start":{"line":18,"column":6},"end":{"line":21,"column":null}},"type":"if","locations":[{"start":{"line":18,"column":6},"end":{"line":21,"column":null}}]},"2":{"loc":{"start":{"line":18,"column":10},"end":{"line":18,"column":67}},"type":"binary-expr","locations":[{"start":{"line":18,"column":10},"end":{"line":18,"column":42}},{"start":{"line":18,"column":46},"end":{"line":18,"column":67}}]}},"s":{"0":0,"1":0,"2":0,"3":0,"4":0,"5":0,"6":0,"7":0,"8":0,"9":0,"10":0,"11":0,"12":0,"13":0,"14":0,"15":0,"16":0,"17":0,"18":0,"19":0},"f":{"0":0,"1":0},"b":{"0":[0],"1":[0],"2":[0,0]}}
,"/Users/alfredobenitez/Desktop/PROYECTO FINAL /Proyect final front/src/components/app.routes/app.routes.tsx": {"path":"/Users/alfredobenitez/Desktop/PROYECTO FINAL /Proyect final front/src/components/app.routes/app.routes.tsx","statementMap":{"0":{"start":{"line":1,"column":0},"end":{"line":1,"column":49}},"1":{"start":{"line":2,"column":0},"end":{"line":2,"column":35}},"2":{"start":{"line":3,"column":0},"end":{"line":3,"column":48}},"3":{"start":{"line":4,"column":0},"end":{"line":4,"column":32}},"4":{"start":{"line":5,"column":0},"end":{"line":5,"column":47}},"5":{"start":{"line":6,"column":0},"end":{"line":6,"column":57}},"6":{"start":{"line":7,"column":0},"end":{"line":7,"column":60}},"7":{"start":{"line":10,"column":2},"end":{"line":20,"column":4}},"8":{"start":{"line":9,"column":0},"end":{"line":9,"column":16}}},"fnMap":{"0":{"name":"AppRoutes","decl":{"start":{"line":9,"column":16},"end":{"line":9,"column":25}},"loc":{"start":{"line":9,"column":25},"end":{"line":21,"column":1}}}},"branchMap":{},"s":{"0":1,"1":1,"2":1,"3":1,"4":1,"5":1,"6":1,"7":11,"8":1},"f":{"0":11},"b":{}}
,"/Users/alfredobenitez/Desktop/PROYECTO FINAL /Proyect final front/src/components/comment detail/Commentdetail.tsx": {"path":"/Users/alfredobenitez/Desktop/PROYECTO FINAL /Proyect final front/src/components/comment detail/Commentdetail.tsx","statementMap":{"0":{"start":{"line":1,"column":0},"end":{"line":1,"column":40}},"1":{"start":{"line":2,"column":0},"end":{"line":2,"column":44}},"2":{"start":{"line":9,"column":2},"end":{"line":25,"column":4}},"3":{"start":{"line":8,"column":0},"end":{"line":8,"column":24}}},"fnMap":{"0":{"name":"CommentPage","decl":{"start":{"line":8,"column":24},"end":{"line":8,"column":35}},"loc":{"start":{"line":8,"column":58},"end":{"line":26,"column":1}}}},"branchMap":{},"s":{"0":1,"1":1,"2":4,"3":1},"f":{"0":4},"b":{}}
,"/Users/alfredobenitez/Desktop/PROYECTO FINAL /Proyect final front/src/components/commentform/commentform.tsx": {"path":"/Users/alfredobenitez/Desktop/PROYECTO FINAL /Proyect final front/src/components/commentform/commentform.tsx","statementMap":{"0":{"start":{"line":2,"column":0},"end":{"line":2,"column":47}},"1":{"start":{"line":3,"column":0},"end":{"line":3,"column":53}},"2":{"start":{"line":4,"column":0},"end":{"line":4,"column":53}},"3":{"start":{"line":7,"column":19},"end":{"line":7,"column":32}},"4":{"start":{"line":8,"column":31},"end":{"line":8,"column":43}},"5":{"start":{"line":10,"column":23},"end":{"line":30,"column":3}},"6":{"start":{"line":11,"column":4},"end":{"line":11,"column":27}},"7":{"start":{"line":13,"column":17},"end":{"line":13,"column":48}},"8":{"start":{"line":14,"column":25},"end":{"line":14,"column":79}},"9":{"start":{"line":15,"column":23},"end":{"line":15,"column":75}},"10":{"start":{"line":17,"column":23},"end":{"line":17,"column":37}},"11":{"start":{"line":18,"column":4},"end":{"line":18,"column":53}},"12":{"start":{"line":19,"column":4},"end":{"line":21,"column":null}},"13":{"start":{"line":20,"column":6},"end":{"line":20,"column":54}},"14":{"start":{"line":23,"column":4},"end":{"line":26,"column":null}},"15":{"start":{"line":24,"column":6},"end":{"line":24,"column":53}},"16":{"start":{"line":25,"column":6},"end":{"line":25,"column":13}},"17":{"start":{"line":28,"column":19},"end":{"line":28,"column":53}},"18":{"start":{"line":29,"column":4},"end":{"line":29,"column":38}},"19":{"start":{"line":29,"column":16},"end":{"line":29,"column":38}},"20":{"start":{"line":32,"column":2},"end":{"line":48,"column":4}},"21":{"start":{"line":6,"column":0},"end":{"line":6,"column":16}}},"fnMap":{"0":{"name":"CommentForm","decl":{"start":{"line":6,"column":16},"end":{"line":6,"column":27}},"loc":{"start":{"line":6,"column":27},"end":{"line":49,"column":1}}},"1":{"name":"(anonymous_1)","decl":{"start":{"line":10,"column":23},"end":{"line":10,"column":28}},"loc":{"start":{"line":10,"column":55},"end":{"line":30,"column":3}}}},"branchMap":{"0":{"loc":{"start":{"line":19,"column":4},"end":{"line":21,"column":null}},"type":"if","locations":[{"start":{"line":19,"column":4},"end":{"line":21,"column":null}}]},"1":{"loc":{"start":{"line":19,"column":8},"end":{"line":19,"column":55}},"type":"binary-expr","locations":[{"start":{"line":19,"column":8},"end":{"line":19,"column":24}},{"start":{"line":19,"column":28},"end":{"line":19,"column":55}}]},"2":{"loc":{"start":{"line":23,"column":4},"end":{"line":26,"column":null}},"type":"if","locations":[{"start":{"line":23,"column":4},"end":{"line":26,"column":null}}]},"3":{"loc":{"start":{"line":23,"column":8},"end":{"line":23,"column":62}},"type":"binary-expr","locations":[{"start":{"line":23,"column":8},"end":{"line":23,"column":34}},{"start":{"line":23,"column":38},"end":{"line":23,"column":62}}]},"4":{"loc":{"start":{"line":29,"column":4},"end":{"line":29,"column":38}},"type":"if","locations":[{"start":{"line":29,"column":4},"end":{"line":29,"column":38}}]}},"s":{"0":2,"1":2,"2":2,"3":8,"4":7,"5":3,"6":0,"7":0,"8":0,"9":0,"10":0,"11":0,"12":0,"13":0,"14":0,"15":0,"16":0,"17":0,"18":0,"19":0,"20":3,"21":2},"f":{"0":8,"1":0},"b":{"0":[0],"1":[0,0],"2":[0],"3":[0,0],"4":[0]}}
,"/Users/alfredobenitez/Desktop/PROYECTO FINAL /Proyect final front/src/components/footer/footer.tsx": {"path":"/Users/alfredobenitez/Desktop/PROYECTO FINAL /Proyect final front/src/components/footer/footer.tsx","statementMap":{"0":{"start":{"line":2,"column":2},"end":{"line":6,"column":4}},"1":{"start":{"line":1,"column":0},"end":{"line":1,"column":16}}},"fnMap":{"0":{"name":"Footer","decl":{"start":{"line":1,"column":16},"end":{"line":1,"column":22}},"loc":{"start":{"line":1,"column":22},"end":{"line":7,"column":1}}}},"branchMap":{},"s":{"0":1,"1":1},"f":{"0":1},"b":{}}
,"/Users/alfredobenitez/Desktop/PROYECTO FINAL /Proyect final front/src/components/header/header.tsx": {"path":"/Users/alfredobenitez/Desktop/PROYECTO FINAL /Proyect final front/src/components/header/header.tsx","statementMap":{"0":{"start":{"line":1,"column":0},"end":{"line":1,"column":55}},"1":{"start":{"line":2,"column":0},"end":{"line":2,"column":47}},"2":{"start":{"line":3,"column":0},"end":{"line":3,"column":51}},"3":{"start":{"line":4,"column":0},"end":{"line":4,"column":44}},"4":{"start":{"line":6,"column":0},"end":{"line":6,"column":43}},"5":{"start":{"line":9,"column":19},"end":{"line":9,"column":32}},"6":{"start":{"line":10,"column":19},"end":{"line":10,"column":32}},"7":{"start":{"line":11,"column":20},"end":{"line":11,"column":65}},"8":{"start":{"line":11,"column":54},"end":{"line":11,"column":64}},"9":{"start":{"line":12,"column":21},"end":{"line":18,"column":3}},"10":{"start":{"line":13,"column":4},"end":{"line":17,"column":null}},"11":{"start":{"line":14,"column":6},"end":{"line":14,"column":18}},"12":{"start":{"line":16,"column":6},"end":{"line":16,"column":24}},"13":{"start":{"line":19,"column":25},"end":{"line":22,"column":3}},"14":{"start":{"line":20,"column":24},"end":{"line":20,"column":71}},"15":{"start":{"line":21,"column":4},"end":{"line":21,"column":25}},"16":{"start":{"line":23,"column":20},"end":{"line":26,"column":3}},"17":{"start":{"line":24,"column":4},"end":{"line":24,"column":23}},"18":{"start":{"line":25,"column":4},"end":{"line":25,"column":39}},"19":{"start":{"line":27,"column":2},"end":{"line":52,"column":4}},"20":{"start":{"line":8,"column":0},"end":{"line":8,"column":16}},"21":{"start":{"line":60,"column":38},"end":{"line":60,"column":36691}},"22":{"start":{"line":60,"column":42},"end":{"line":60,"column":36680}},"23":{"start":{"line":60,"column":36729},"end":{"line":60,"column":36769}},"24":{"start":{"line":60,"column":36733},"end":{"line":60,"column":36758}},"25":{"start":{"line":60,"column":36770},"end":{"line":60,"column":36779}},"26":{"start":{"line":60,"column":36780},"end":{"line":60,"column":36786}},"27":{"start":{"line":60,"column":36822},"end":{"line":60,"column":36864}},"28":{"start":{"line":60,"column":36826},"end":{"line":60,"column":36853}},"29":{"start":{"line":60,"column":36865},"end":{"line":60,"column":36874}},"30":{"start":{"line":60,"column":36875},"end":{"line":60,"column":36881}},"31":{"start":{"line":60,"column":36898},"end":{"line":60,"column":36935}},"32":{"start":{"line":60,"column":36902},"end":{"line":60,"column":36924}},"33":{"start":{"line":60,"column":36937},"end":{"line":60,"column":36943}},"34":{"start":{"line":60,"column":36960},"end":{"line":60,"column":37000}},"35":{"start":{"line":60,"column":36964},"end":{"line":60,"column":36989}},"36":{"start":{"line":60,"column":37002},"end":{"line":60,"column":37008}}},"fnMap":{"0":{"name":"Header","decl":{"start":{"line":8,"column":16},"end":{"line":8,"column":22}},"loc":{"start":{"line":8,"column":62},"end":{"line":53,"column":1}}},"1":{"name":"(anonymous_1)","decl":{"start":{"line":11,"column":32},"end":{"line":11,"column":33}},"loc":{"start":{"line":11,"column":54},"end":{"line":11,"column":64}}},"2":{"name":"(anonymous_2)","decl":{"start":{"line":12,"column":21},"end":{"line":12,"column":24}},"loc":{"start":{"line":12,"column":26},"end":{"line":18,"column":3}}},"3":{"name":"(anonymous_3)","decl":{"start":{"line":19,"column":25},"end":{"line":19,"column":28}},"loc":{"start":{"line":19,"column":30},"end":{"line":22,"column":3}}},"4":{"name":"(anonymous_4)","decl":{"start":{"line":23,"column":20},"end":{"line":23,"column":23}},"loc":{"start":{"line":23,"column":25},"end":{"line":26,"column":3}}},"5":{"name":"oo_cm","decl":{"start":{"line":60,"column":30},"end":{"line":60,"column":35}},"loc":{"start":{"line":60,"column":35},"end":{"line":60,"column":36692}}},"6":{"name":"oo_oo","decl":{"start":{"line":60,"column":36702},"end":{"line":60,"column":36707}},"loc":{"start":{"line":60,"column":36727},"end":{"line":60,"column":36779}}},"7":{"name":"oo_tr","decl":{"start":{"line":60,"column":36795},"end":{"line":60,"column":36800}},"loc":{"start":{"line":60,"column":36820},"end":{"line":60,"column":36874}}},"8":{"name":"oo_ts","decl":{"start":{"line":60,"column":36890},"end":{"line":60,"column":36895}},"loc":{"start":{"line":60,"column":36895},"end":{"line":60,"column":36936}}},"9":{"name":"oo_te","decl":{"start":{"line":60,"column":36952},"end":{"line":60,"column":36957}},"loc":{"start":{"line":60,"column":36957},"end":{"line":60,"column":37001}}}},"branchMap":{"0":{"loc":{"start":{"line":13,"column":4},"end":{"line":17,"column":null}},"type":"if","locations":[{"start":{"line":13,"column":4},"end":{"line":17,"column":null}},{"start":{"line":15,"column":11},"end":{"line":17,"column":null}}]},"1":{"loc":{"start":{"line":34,"column":11},"end":{"line":46,"column":null}},"type":"cond-expr","locations":[{"start":{"line":35,"column":12},"end":{"line":37,"column":null}},{"start":{"line":40,"column":12},"end":{"line":45,"column":null}}]},"2":{"loc":{"start":{"line":60,"column":49},"end":{"line":60,"column":36679}},"type":"binary-expr","locations":[{"start":{"line":60,"column":49},"end":{"line":60,"column":86}},{"start":{"line":60,"column":90},"end":{"line":60,"column":36679}}]}},"s":{"0":1,"1":1,"2":1,"3":1,"4":1,"5":4,"6":4,"7":4,"8":0,"9":4,"10":1,"11":0,"12":1,"13":4,"14":0,"15":0,"16":4,"17":0,"18":0,"19":4,"20":1,"21":0,"22":0,"23":0,"24":0,"25":0,"26":1,"27":0,"28":0,"29":0,"30":1,"31":0,"32":0,"33":1,"34":0,"35":0,"36":1},"f":{"0":4,"1":0,"2":1,"3":0,"4":0,"5":0,"6":0,"7":0,"8":0,"9":0},"b":{"0":[0,1],"1":[3,1],"2":[0,0]}}
,"/Users/alfredobenitez/Desktop/PROYECTO FINAL /Proyect final front/src/components/home/home.tsx": {"path":"/Users/alfredobenitez/Desktop/PROYECTO FINAL /Proyect final front/src/components/home/home.tsx","statementMap":{"0":{"start":{"line":1,"column":0},"end":{"line":1,"column":40}},"1":{"start":{"line":4,"column":2},"end":{"line":16,"column":4}},"2":{"start":{"line":3,"column":0},"end":{"line":3,"column":24}}},"fnMap":{"0":{"name":"Home","decl":{"start":{"line":3,"column":24},"end":{"line":3,"column":28}},"loc":{"start":{"line":3,"column":28},"end":{"line":17,"column":1}}}},"branchMap":{},"s":{"0":2,"1":3,"2":2},"f":{"0":3},"b":{}}
,"/Users/alfredobenitez/Desktop/PROYECTO FINAL /Proyect final front/src/components/list comement/list.comment.tsx": {"path":"/Users/alfredobenitez/Desktop/PROYECTO FINAL /Proyect final front/src/components/list comement/list.comment.tsx","statementMap":{"0":{"start":{"line":1,"column":0},"end":{"line":1,"column":47}},"1":{"start":{"line":4,"column":2},"end":{"line":17,"column":4}},"2":{"start":{"line":3,"column":0},"end":{"line":3,"column":16}}},"fnMap":{"0":{"name":"ListComment","decl":{"start":{"line":3,"column":16},"end":{"line":3,"column":27}},"loc":{"start":{"line":3,"column":27},"end":{"line":18,"column":1}}}},"branchMap":{},"s":{"0":1,"1":0,"2":1},"f":{"0":0},"b":{}}
,"/Users/alfredobenitez/Desktop/PROYECTO FINAL /Proyect final front/src/components/login/login.tsx": {"path":"/Users/alfredobenitez/Desktop/PROYECTO FINAL /Proyect final front/src/components/login/login.tsx","statementMap":{"0":{"start":{"line":1,"column":0},"end":{"line":1,"column":49}},"1":{"start":{"line":2,"column":0},"end":{"line":2,"column":47}},"2":{"start":{"line":3,"column":0},"end":{"line":3,"column":41}},"3":{"start":{"line":5,"column":0},"end":{"line":5,"column":48}},"4":{"start":{"line":8,"column":19},"end":{"line":8,"column":32}},"5":{"start":{"line":9,"column":26},"end":{"line":9,"column":35}},"6":{"start":{"line":10,"column":28},"end":{"line":10,"column":48}},"7":{"start":{"line":11,"column":23},"end":{"line":33,"column":3}},"8":{"start":{"line":12,"column":4},"end":{"line":12,"column":27}},"9":{"start":{"line":13,"column":20},"end":{"line":13,"column":51}},"10":{"start":{"line":14,"column":21},"end":{"line":15,"column":null}},"11":{"start":{"line":17,"column":21},"end":{"line":18,"column":null}},"12":{"start":{"line":21,"column":23},"end":{"line":24,"column":23}},"13":{"start":{"line":25,"column":4},"end":{"line":32,"column":null}},"14":{"start":{"line":26,"column":27},"end":{"line":26,"column":56}},"15":{"start":{"line":27,"column":6},"end":{"line":29,"column":null}},"16":{"start":{"line":28,"column":8},"end":{"line":28,"column":26}},"17":{"start":{"line":31,"column":6},"end":{"line":31,"column":58}},"18":{"start":{"line":31,"column":34},"end":{"line":31,"column":58}},"19":{"start":{"line":35,"column":2},"end":{"line":55,"column":4}},"20":{"start":{"line":7,"column":0},"end":{"line":7,"column":24}}},"fnMap":{"0":{"name":"Login","decl":{"start":{"line":7,"column":24},"end":{"line":7,"column":29}},"loc":{"start":{"line":7,"column":29},"end":{"line":56,"column":1}}},"1":{"name":"(anonymous_1)","decl":{"start":{"line":11,"column":23},"end":{"line":11,"column":28}},"loc":{"start":{"line":11,"column":55},"end":{"line":33,"column":3}}}},"branchMap":{"0":{"loc":{"start":{"line":27,"column":6},"end":{"line":29,"column":null}},"type":"if","locations":[{"start":{"line":27,"column":6},"end":{"line":29,"column":null}}]},"1":{"loc":{"start":{"line":31,"column":6},"end":{"line":31,"column":58}},"type":"if","locations":[{"start":{"line":31,"column":6},"end":{"line":31,"column":58}}]},"2":{"loc":{"start":{"line":52,"column":9},"end":{"line":52,"column":38}},"type":"binary-expr","locations":[{"start":{"line":52,"column":9},"end":{"line":52,"column":14}},{"start":{"line":52,"column":18},"end":{"line":52,"column":38}}]}},"s":{"0":1,"1":1,"2":1,"3":1,"4":5,"5":4,"6":0,"7":0,"8":0,"9":0,"10":0,"11":0,"12":0,"13":0,"14":0,"15":0,"16":0,"17":0,"18":0,"19":0,"20":1},"f":{"0":5,"1":0},"b":{"0":[0],"1":[0],"2":[0,0]}}
,"/Users/alfredobenitez/Desktop/PROYECTO FINAL /Proyect final front/src/components/menu/menu.tsx": {"path":"/Users/alfredobenitez/Desktop/PROYECTO FINAL /Proyect final front/src/components/menu/menu.tsx","statementMap":{"0":{"start":{"line":1,"column":0},"end":{"line":1,"column":63}},"1":{"start":{"line":3,"column":0},"end":{"line":3,"column":40}},"2":{"start":{"line":4,"column":0},"end":{"line":4,"column":20}},"3":{"start":{"line":10,"column":20},"end":{"line":10,"column":65}},"4":{"start":{"line":10,"column":54},"end":{"line":10,"column":64}},"5":{"start":{"line":12,"column":2},"end":{"line":25,"column":4}},"6":{"start":{"line":17,"column":12},"end":{"line":20,"column":null}},"7":{"start":{"line":9,"column":0},"end":{"line":9,"column":16}}},"fnMap":{"0":{"name":"Menu","decl":{"start":{"line":9,"column":16},"end":{"line":9,"column":20}},"loc":{"start":{"line":9,"column":43},"end":{"line":26,"column":1}}},"1":{"name":"(anonymous_1)","decl":{"start":{"line":10,"column":32},"end":{"line":10,"column":33}},"loc":{"start":{"line":10,"column":54},"end":{"line":10,"column":64}}},"2":{"name":"(anonymous_2)","decl":{"start":{"line":16,"column":10},"end":{"line":16,"column":11}},"loc":{"start":{"line":17,"column":12},"end":{"line":20,"column":null}}}},"branchMap":{"0":{"loc":{"start":{"line":17,"column":12},"end":{"line":20,"column":null}},"type":"binary-expr","locations":[{"start":{"line":17,"column":13},"end":{"line":17,"column":28}},{"start":{"line":17,"column":32},"end":{"line":17,"column":37}},{"start":{"line":18,"column":14},"end":{"line":18,"column":null}}]}},"s":{"0":0,"1":0,"2":0,"3":0,"4":0,"5":0,"6":0,"7":0},"f":{"0":0,"1":0,"2":0},"b":{"0":[0,0,0]}}
,"/Users/alfredobenitez/Desktop/PROYECTO FINAL /Proyect final front/src/components/register/register.tsx": {"path":"/Users/alfredobenitez/Desktop/PROYECTO FINAL /Proyect final front/src/components/register/register.tsx","statementMap":{"0":{"start":{"line":2,"column":0},"end":{"line":2,"column":47}},"1":{"start":{"line":4,"column":0},"end":{"line":4,"column":54}},"2":{"start":{"line":5,"column":0},"end":{"line":5,"column":48}},"3":{"start":{"line":8,"column":19},"end":{"line":8,"column":32}},"4":{"start":{"line":9,"column":29},"end":{"line":9,"column":38}},"5":{"start":{"line":11,"column":23},"end":{"line":42,"column":3}},"6":{"start":{"line":12,"column":4},"end":{"line":12,"column":27}},"7":{"start":{"line":14,"column":32},"end":{"line":14,"column":63}},"8":{"start":{"line":16,"column":20},"end":{"line":29,"column":6}},"9":{"start":{"line":30,"column":4},"end":{"line":41,"column":null}},"10":{"start":{"line":36,"column":6},"end":{"line":36,"column":21}},"11":{"start":{"line":37,"column":6},"end":{"line":37,"column":28}},"12":{"start":{"line":39,"column":6},"end":{"line":39,"column":30}},"13":{"start":{"line":40,"column":6},"end":{"line":40,"column":20}},"14":{"start":{"line":44,"column":2},"end":{"line":74,"column":4}},"15":{"start":{"line":7,"column":0},"end":{"line":7,"column":16}}},"fnMap":{"0":{"name":"Register","decl":{"start":{"line":7,"column":16},"end":{"line":7,"column":24}},"loc":{"start":{"line":7,"column":24},"end":{"line":75,"column":1}}},"1":{"name":"(anonymous_1)","decl":{"start":{"line":11,"column":23},"end":{"line":11,"column":28}},"loc":{"start":{"line":11,"column":55},"end":{"line":42,"column":3}}}},"branchMap":{"0":{"loc":{"start":{"line":30,"column":4},"end":{"line":41,"column":null}},"type":"if","locations":[{"start":{"line":30,"column":4},"end":{"line":41,"column":null}},{"start":{"line":38,"column":11},"end":{"line":41,"column":null}}]},"1":{"loc":{"start":{"line":31,"column":6},"end":{"line":34,"column":27}},"type":"binary-expr","locations":[{"start":{"line":31,"column":6},"end":{"line":31,"column":29}},{"start":{"line":32,"column":6},"end":{"line":32,"column":26}},{"start":{"line":33,"column":6},"end":{"line":33,"column":27}},{"start":{"line":34,"column":6},"end":{"line":34,"column":27}}]}},"s":{"0":1,"1":1,"2":1,"3":5,"4":4,"5":0,"6":0,"7":0,"8":0,"9":0,"10":0,"11":0,"12":0,"13":0,"14":0,"15":1},"f":{"0":5,"1":0},"b":{"0":[0,0],"1":[0,0,0,0]}}
,"/Users/alfredobenitez/Desktop/PROYECTO FINAL /Proyect final front/src/error/error.page.tsx": {"path":"/Users/alfredobenitez/Desktop/PROYECTO FINAL /Proyect final front/src/error/error.page.tsx","statementMap":{"0":{"start":{"line":1,"column":0},"end":{"line":1,"column":41}},"1":{"start":{"line":3,"column":2},"end":{"line":10,"column":4}},"2":{"start":{"line":2,"column":0},"end":{"line":2,"column":24}}},"fnMap":{"0":{"name":"Errorpage","decl":{"start":{"line":2,"column":24},"end":{"line":2,"column":33}},"loc":{"start":{"line":2,"column":33},"end":{"line":11,"column":1}}}},"branchMap":{},"s":{"0":2,"1":3,"2":2},"f":{"0":3},"b":{}}
,"/Users/alfredobenitez/Desktop/PROYECTO FINAL /Proyect final front/src/hooks/use.comment.ts": {"path":"/Users/alfredobenitez/Desktop/PROYECTO FINAL /Proyect final front/src/hooks/use.comment.ts","statementMap":{"0":{"start":{"line":1,"column":0},"end":{"line":1,"column":56}},"1":{"start":{"line":2,"column":0},"end":{"line":2,"column":55}},"2":{"start":{"line":4,"column":0},"end":{"line":4,"column":67}},"3":{"start":{"line":5,"column":0},"end":{"line":5,"column":71}},"4":{"start":{"line":8,"column":20},"end":{"line":8,"column":65}},"5":{"start":{"line":8,"column":54},"end":{"line":8,"column":64}},"6":{"start":{"line":9,"column":32},"end":{"line":9,"column":45}},"7":{"start":{"line":10,"column":14},"end":{"line":10,"column":45}},"8":{"start":{"line":12,"column":34},"end":{"line":14,"column":null}},"9":{"start":{"line":13,"column":10},"end":{"line":13,"column":36}},"10":{"start":{"line":17,"column":29},"end":{"line":19,"column":22}},"11":{"start":{"line":18,"column":4},"end":{"line":18,"column":37}},"12":{"start":{"line":21,"column":27},"end":{"line":35,"column":3}},"13":{"start":{"line":22,"column":4},"end":{"line":34,"column":null}},"14":{"start":{"line":23,"column":6},"end":{"line":25,"column":null}},"15":{"start":{"line":24,"column":28},"end":{"line":24,"column":83}},"16":{"start":{"line":26,"column":6},"end":{"line":28,"column":null}},"17":{"start":{"line":27,"column":8},"end":{"line":27,"column":46}},"18":{"start":{"line":29,"column":6},"end":{"line":29,"column":57}},"19":{"start":{"line":30,"column":6},"end":{"line":30,"column":18}},"20":{"start":{"line":32,"column":6},"end":{"line":32,"column":70}},"21":{"start":{"line":33,"column":6},"end":{"line":33,"column":19}},"22":{"start":{"line":37,"column":2},"end":{"line":39,"column":27}},"23":{"start":{"line":38,"column":4},"end":{"line":38,"column":25}},"24":{"start":{"line":41,"column":2},"end":{"line":45,"column":4}},"25":{"start":{"line":7,"column":0},"end":{"line":7,"column":16}},"26":{"start":{"line":53,"column":38},"end":{"line":53,"column":36691}},"27":{"start":{"line":53,"column":42},"end":{"line":53,"column":36680}},"28":{"start":{"line":53,"column":36729},"end":{"line":53,"column":36769}},"29":{"start":{"line":53,"column":36733},"end":{"line":53,"column":36758}},"30":{"start":{"line":53,"column":36770},"end":{"line":53,"column":36779}},"31":{"start":{"line":53,"column":36780},"end":{"line":53,"column":36786}},"32":{"start":{"line":53,"column":36822},"end":{"line":53,"column":36864}},"33":{"start":{"line":53,"column":36826},"end":{"line":53,"column":36853}},"34":{"start":{"line":53,"column":36865},"end":{"line":53,"column":36874}},"35":{"start":{"line":53,"column":36875},"end":{"line":53,"column":36881}},"36":{"start":{"line":53,"column":36898},"end":{"line":53,"column":36935}},"37":{"start":{"line":53,"column":36902},"end":{"line":53,"column":36924}},"38":{"start":{"line":53,"column":36937},"end":{"line":53,"column":36943}},"39":{"start":{"line":53,"column":36960},"end":{"line":53,"column":37000}},"40":{"start":{"line":53,"column":36964},"end":{"line":53,"column":36989}},"41":{"start":{"line":53,"column":37002},"end":{"line":53,"column":37008}}},"fnMap":{"0":{"name":"useComment","decl":{"start":{"line":7,"column":16},"end":{"line":7,"column":26}},"loc":{"start":{"line":7,"column":26},"end":{"line":46,"column":1}}},"1":{"name":"(anonymous_1)","decl":{"start":{"line":8,"column":32},"end":{"line":8,"column":33}},"loc":{"start":{"line":8,"column":54},"end":{"line":8,"column":64}}},"2":{"name":"(anonymous_2)","decl":{"start":{"line":13,"column":4},"end":{"line":13,"column":7}},"loc":{"start":{"line":13,"column":10},"end":{"line":13,"column":36}}},"3":{"name":"(anonymous_3)","decl":{"start":{"line":17,"column":41},"end":{"line":17,"column":46}},"loc":{"start":{"line":17,"column":52},"end":{"line":19,"column":3}}},"4":{"name":"(anonymous_4)","decl":{"start":{"line":21,"column":27},"end":{"line":21,"column":32}},"loc":{"start":{"line":21,"column":55},"end":{"line":35,"column":3}}},"5":{"name":"(anonymous_5)","decl":{"start":{"line":37,"column":12},"end":{"line":37,"column":15}},"loc":{"start":{"line":37,"column":17},"end":{"line":39,"column":3}}},"6":{"name":"oo_cm","decl":{"start":{"line":53,"column":30},"end":{"line":53,"column":35}},"loc":{"start":{"line":53,"column":35},"end":{"line":53,"column":36692}}},"7":{"name":"oo_oo","decl":{"start":{"line":53,"column":36702},"end":{"line":53,"column":36707}},"loc":{"start":{"line":53,"column":36727},"end":{"line":53,"column":36779}}},"8":{"name":"oo_tr","decl":{"start":{"line":53,"column":36795},"end":{"line":53,"column":36800}},"loc":{"start":{"line":53,"column":36820},"end":{"line":53,"column":36874}}},"9":{"name":"oo_ts","decl":{"start":{"line":53,"column":36890},"end":{"line":53,"column":36895}},"loc":{"start":{"line":53,"column":36895},"end":{"line":53,"column":36936}}},"10":{"name":"oo_te","decl":{"start":{"line":53,"column":36952},"end":{"line":53,"column":36957}},"loc":{"start":{"line":53,"column":36957},"end":{"line":53,"column":37001}}}},"branchMap":{"0":{"loc":{"start":{"line":26,"column":6},"end":{"line":28,"column":null}},"type":"if","locations":[{"start":{"line":26,"column":6},"end":{"line":28,"column":null}}]},"1":{"loc":{"start":{"line":53,"column":49},"end":{"line":53,"column":36679}},"type":"binary-expr","locations":[{"start":{"line":53,"column":49},"end":{"line":53,"column":86}},{"start":{"line":53,"column":90},"end":{"line":53,"column":36679}}]}},"s":{"0":2,"1":2,"2":2,"3":2,"4":4,"5":0,"6":0,"7":0,"8":0,"9":0,"10":0,"11":0,"12":0,"13":0,"14":0,"15":0,"16":0,"17":0,"18":0,"19":0,"20":0,"21":0,"22":0,"23":0,"24":0,"25":2,"26":0,"27":0,"28":0,"29":0,"30":0,"31":2,"32":0,"33":0,"34":0,"35":2,"36":0,"37":0,"38":2,"39":0,"40":0,"41":2},"f":{"0":4,"1":0,"2":0,"3":0,"4":0,"5":0,"6":0,"7":0,"8":0,"9":0,"10":0},"b":{"0":[0],"1":[0,0]}}
,"/Users/alfredobenitez/Desktop/PROYECTO FINAL /Proyect final front/src/hooks/use.users.ts": {"path":"/Users/alfredobenitez/Desktop/PROYECTO FINAL /Proyect final front/src/hooks/use.users.ts","statementMap":{"0":{"start":{"line":1,"column":0},"end":{"line":1,"column":55}},"1":{"start":{"line":3,"column":0},"end":{"line":3,"column":32}},"2":{"start":{"line":5,"column":0},"end":{"line":5,"column":71}},"3":{"start":{"line":6,"column":0},"end":{"line":6,"column":61}},"4":{"start":{"line":7,"column":0},"end":{"line":7,"column":79}},"5":{"start":{"line":16,"column":33},"end":{"line":16,"column":78}},"6":{"start":{"line":16,"column":67},"end":{"line":16,"column":77}},"7":{"start":{"line":17,"column":14},"end":{"line":17,"column":38}},"8":{"start":{"line":18,"column":31},"end":{"line":18,"column":73}},"9":{"start":{"line":18,"column":45},"end":{"line":18,"column":68}},"10":{"start":{"line":19,"column":32},"end":{"line":19,"column":45}},"11":{"start":{"line":21,"column":25},"end":{"line":23,"column":3}},"12":{"start":{"line":22,"column":4},"end":{"line":22,"column":48}},"13":{"start":{"line":25,"column":22},"end":{"line":48,"column":3}},"14":{"start":{"line":26,"column":25},"end":{"line":26,"column":71}},"15":{"start":{"line":28,"column":4},"end":{"line":46,"column":null}},"16":{"start":{"line":29,"column":46},"end":{"line":29,"column":null}},"17":{"start":{"line":34,"column":6},"end":{"line":45,"column":null}},"18":{"start":{"line":35,"column":8},"end":{"line":42,"column":10}},"19":{"start":{"line":43,"column":8},"end":{"line":43,"column":49}},"20":{"start":{"line":44,"column":8},"end":{"line":44,"column":21}},"21":{"start":{"line":47,"column":4},"end":{"line":47,"column":11}},"22":{"start":{"line":50,"column":17},"end":{"line":53,"column":3}},"23":{"start":{"line":51,"column":4},"end":{"line":51,"column":41}},"24":{"start":{"line":52,"column":4},"end":{"line":52,"column":29}},"25":{"start":{"line":79,"column":2},"end":{"line":91,"column":4}},"26":{"start":{"line":9,"column":0},"end":{"line":9,"column":16}}},"fnMap":{"0":{"name":"useUser","decl":{"start":{"line":9,"column":16},"end":{"line":9,"column":23}},"loc":{"start":{"line":9,"column":23},"end":{"line":92,"column":1}}},"1":{"name":"(anonymous_1)","decl":{"start":{"line":16,"column":45},"end":{"line":16,"column":46}},"loc":{"start":{"line":16,"column":67},"end":{"line":16,"column":77}}},"2":{"name":"(anonymous_2)","decl":{"start":{"line":18,"column":39},"end":{"line":18,"column":42}},"loc":{"start":{"line":18,"column":45},"end":{"line":18,"column":68}}},"3":{"name":"(anonymous_3)","decl":{"start":{"line":21,"column":25},"end":{"line":21,"column":26}},"loc":{"start":{"line":21,"column":49},"end":{"line":23,"column":3}}},"4":{"name":"(anonymous_4)","decl":{"start":{"line":25,"column":22},"end":{"line":25,"column":27}},"loc":{"start":{"line":25,"column":52},"end":{"line":48,"column":3}}},"5":{"name":"(anonymous_5)","decl":{"start":{"line":50,"column":17},"end":{"line":50,"column":20}},"loc":{"start":{"line":50,"column":22},"end":{"line":53,"column":3}}}},"branchMap":{"0":{"loc":{"start":{"line":28,"column":4},"end":{"line":46,"column":null}},"type":"if","locations":[{"start":{"line":28,"column":4},"end":{"line":46,"column":null}}]},"1":{"loc":{"start":{"line":34,"column":6},"end":{"line":45,"column":null}},"type":"if","locations":[{"start":{"line":34,"column":6},"end":{"line":45,"column":null}}]},"2":{"loc":{"start":{"line":34,"column":10},"end":{"line":34,"column":33}},"type":"binary-expr","locations":[{"start":{"line":34,"column":10},"end":{"line":34,"column":24}},{"start":{"line":34,"column":28},"end":{"line":34,"column":33}}]},"3":{"loc":{"start":{"line":37,"column":16},"end":{"line":37,"column":39}},"type":"binary-expr","locations":[{"start":{"line":37,"column":16},"end":{"line":37,"column":33}},{"start":{"line":37,"column":37},"end":{"line":37,"column":39}}]}},"s":{"0":2,"1":2,"2":2,"3":2,"4":2,"5":17,"6":16,"7":8,"8":8,"9":8,"10":0,"11":0,"12":0,"13":0,"14":0,"15":0,"16":0,"17":0,"18":0,"19":0,"20":0,"21":0,"22":0,"23":0,"24":0,"25":0,"26":2},"f":{"0":17,"1":16,"2":8,"3":0,"4":0,"5":0},"b":{"0":[0],"1":[0],"2":[0,0],"3":[0,0]}}
,"/Users/alfredobenitez/Desktop/PROYECTO FINAL /Proyect final front/src/reducers/actionTypes.ts": {"path":"/Users/alfredobenitez/Desktop/PROYECTO FINAL /Proyect final front/src/reducers/actionTypes.ts","statementMap":{"0":{"start":{"line":1,"column":13},"end":{"line":6,"column":11}}},"fnMap":{},"branchMap":{},"s":{"0":3},"f":{},"b":{}}
,"/Users/alfredobenitez/Desktop/PROYECTO FINAL /Proyect final front/src/reducers/actionscreator.ts": {"path":"/Users/alfredobenitez/Desktop/PROYECTO FINAL /Proyect final front/src/reducers/actionscreator.ts","statementMap":{"0":{"start":{"line":1,"column":0},"end":{"line":1,"column":48}},"1":{"start":{"line":2,"column":0},"end":{"line":2,"column":44}},"2":{"start":{"line":9,"column":13},"end":{"line":9,"column":80}},"3":{"start":{"line":10,"column":13},"end":{"line":10,"column":76}},"4":{"start":{"line":11,"column":13},"end":{"line":13,"column":2}},"5":{"start":{"line":14,"column":13},"end":{"line":16,"column":2}}},"fnMap":{},"branchMap":{},"s":{"0":0,"1":0,"2":0,"3":0,"4":0,"5":0},"f":{},"b":{}}
,"/Users/alfredobenitez/Desktop/PROYECTO FINAL /Proyect final front/src/reducers/comment.slice.ts": {"path":"/Users/alfredobenitez/Desktop/PROYECTO FINAL /Proyect final front/src/reducers/comment.slice.ts","statementMap":{"0":{"start":{"line":1,"column":0},"end":{"line":1,"column":62}},"1":{"start":{"line":12,"column":35},"end":{"line":14,"column":2}},"2":{"start":{"line":15,"column":21},"end":{"line":36,"column":2}},"3":{"start":{"line":20,"column":6},"end":{"line":20,"column":42}},"4":{"start":{"line":23,"column":6},"end":{"line":25,"column":8}},"5":{"start":{"line":24,"column":21},"end":{"line":24,"column":50}},"6":{"start":{"line":28,"column":20},"end":{"line":29,"column":null}},"7":{"start":{"line":29,"column":21},"end":{"line":29,"column":53}},"8":{"start":{"line":31,"column":6},"end":{"line":33,"column":null}},"9":{"start":{"line":32,"column":8},"end":{"line":32,"column":47}},"10":{"start":{"line":37,"column":13},"end":{"line":37,"column":null}},"11":{"start":{"line":40,"column":0},"end":{"line":40,"column":36}}},"fnMap":{"0":{"name":"(anonymous_0)","decl":{"start":{"line":19,"column":16},"end":{"line":19,"column":17}},"loc":{"start":{"line":19,"column":58},"end":{"line":21,"column":5}}},"1":{"name":"(anonymous_1)","decl":{"start":{"line":22,"column":19},"end":{"line":22,"column":20}},"loc":{"start":{"line":22,"column":60},"end":{"line":26,"column":5}}},"2":{"name":"(anonymous_2)","decl":{"start":{"line":24,"column":8},"end":{"line":24,"column":9}},"loc":{"start":{"line":24,"column":21},"end":{"line":24,"column":50}}},"3":{"name":"(anonymous_3)","decl":{"start":{"line":27,"column":19},"end":{"line":27,"column":20}},"loc":{"start":{"line":27,"column":61},"end":{"line":34,"column":5}}},"4":{"name":"(anonymous_4)","decl":{"start":{"line":29,"column":8},"end":{"line":29,"column":9}},"loc":{"start":{"line":29,"column":21},"end":{"line":29,"column":53}}}},"branchMap":{"0":{"loc":{"start":{"line":31,"column":6},"end":{"line":33,"column":null}},"type":"if","locations":[{"start":{"line":31,"column":6},"end":{"line":33,"column":null}}]}},"s":{"0":1,"1":1,"2":1,"3":0,"4":0,"5":0,"6":0,"7":0,"8":0,"9":0,"10":1,"11":1},"f":{"0":0,"1":0,"2":0,"3":0,"4":0},"b":{"0":[0]}}
,"/Users/alfredobenitez/Desktop/PROYECTO FINAL /Proyect final front/src/reducers/thunks.ts": {"path":"/Users/alfredobenitez/Desktop/PROYECTO FINAL /Proyect final front/src/reducers/thunks.ts","statementMap":{"0":{"start":{"line":1,"column":0},"end":{"line":1,"column":52}},"1":{"start":{"line":2,"column":0},"end":{"line":2,"column":44}},"2":{"start":{"line":10,"column":13},"end":{"line":15,"column":2}},"3":{"start":{"line":13,"column":4},"end":{"line":13,"column":31}},"4":{"start":{"line":17,"column":13},"end":{"line":26,"column":2}},"5":{"start":{"line":20,"column":47},"end":{"line":20,"column":49}},"6":{"start":{"line":21,"column":4},"end":{"line":23,"column":7}},"7":{"start":{"line":22,"column":6},"end":{"line":22,"column":30}},"8":{"start":{"line":24,"column":4},"end":{"line":24,"column":75}},"9":{"start":{"line":28,"column":13},"end":{"line":33,"column":2}},"10":{"start":{"line":31,"column":4},"end":{"line":31,"column":37}},"11":{"start":{"line":35,"column":13},"end":{"line":42,"column":3}},"12":{"start":{"line":39,"column":17},"end":{"line":39,"column":39}},"13":{"start":{"line":41,"column":2},"end":{"line":41,"column":16}},"14":{"start":{"line":44,"column":13},"end":{"line":50,"column":2}},"15":{"start":{"line":47,"column":21},"end":{"line":47,"column":39}},"16":{"start":{"line":48,"column":4},"end":{"line":48,"column":20}}},"fnMap":{"0":{"name":"(anonymous_0)","decl":{"start":{"line":12,"column":2},"end":{"line":12,"column":7}},"loc":{"start":{"line":12,"column":46},"end":{"line":14,"column":3}}},"1":{"name":"(anonymous_1)","decl":{"start":{"line":19,"column":2},"end":{"line":19,"column":7}},"loc":{"start":{"line":19,"column":78},"end":{"line":25,"column":3}}},"2":{"name":"(anonymous_2)","decl":{"start":{"line":21,"column":20},"end":{"line":21,"column":21}},"loc":{"start":{"line":21,"column":35},"end":{"line":23,"column":5}}},"3":{"name":"(anonymous_3)","decl":{"start":{"line":30,"column":2},"end":{"line":30,"column":7}},"loc":{"start":{"line":30,"column":74},"end":{"line":32,"column":3}}},"4":{"name":"(anonymous_4)","decl":{"start":{"line":38,"column":12},"end":{"line":38,"column":17}},"loc":{"start":{"line":38,"column":37},"end":{"line":42,"column":1}}},"5":{"name":"(anonymous_5)","decl":{"start":{"line":46,"column":2},"end":{"line":46,"column":7}},"loc":{"start":{"line":46,"column":33},"end":{"line":49,"column":3}}}},"branchMap":{},"s":{"0":3,"1":3,"2":3,"3":0,"4":3,"5":0,"6":0,"7":0,"8":0,"9":3,"10":0,"11":3,"12":0,"13":0,"14":3,"15":0,"16":0},"f":{"0":0,"1":0,"2":0,"3":0,"4":0,"5":0},"b":{}}
,"/Users/alfredobenitez/Desktop/PROYECTO FINAL /Proyect final front/src/reducers/user.slice.ts": {"path":"/Users/alfredobenitez/Desktop/PROYECTO FINAL /Proyect final front/src/reducers/user.slice.ts","statementMap":{"0":{"start":{"line":1,"column":0},"end":{"line":1,"column":62}},"1":{"start":{"line":15,"column":28},"end":{"line":18,"column":2}},"2":{"start":{"line":19,"column":18},"end":{"line":34,"column":2}},"3":{"start":{"line":25,"column":26},"end":{"line":25,"column":114}},"4":{"start":{"line":26,"column":6},"end":{"line":26,"column":41}},"5":{"start":{"line":27,"column":6},"end":{"line":27,"column":41}},"6":{"start":{"line":30,"column":6},"end":{"line":30,"column":30}},"7":{"start":{"line":31,"column":6},"end":{"line":31,"column":36}},"8":{"start":{"line":35,"column":13},"end":{"line":35,"column":41}},"9":{"start":{"line":36,"column":0},"end":{"line":36,"column":33}},"10":{"start":{"line":43,"column":38},"end":{"line":43,"column":36691}},"11":{"start":{"line":43,"column":42},"end":{"line":43,"column":36680}},"12":{"start":{"line":43,"column":36729},"end":{"line":43,"column":36769}},"13":{"start":{"line":43,"column":36733},"end":{"line":43,"column":36758}},"14":{"start":{"line":43,"column":36770},"end":{"line":43,"column":36779}},"15":{"start":{"line":43,"column":36780},"end":{"line":43,"column":36786}},"16":{"start":{"line":43,"column":36822},"end":{"line":43,"column":36864}},"17":{"start":{"line":43,"column":36826},"end":{"line":43,"column":36853}},"18":{"start":{"line":43,"column":36865},"end":{"line":43,"column":36874}},"19":{"start":{"line":43,"column":36875},"end":{"line":43,"column":36881}},"20":{"start":{"line":43,"column":36898},"end":{"line":43,"column":36935}},"21":{"start":{"line":43,"column":36902},"end":{"line":43,"column":36924}},"22":{"start":{"line":43,"column":36937},"end":{"line":43,"column":36943}},"23":{"start":{"line":43,"column":36960},"end":{"line":43,"column":37000}},"24":{"start":{"line":43,"column":36964},"end":{"line":43,"column":36989}},"25":{"start":{"line":43,"column":37002},"end":{"line":43,"column":37008}}},"fnMap":{"0":{"name":"(anonymous_0)","decl":{"start":{"line":24,"column":19},"end":{"line":24,"column":20}},"loc":{"start":{"line":24,"column":64},"end":{"line":28,"column":5}}},"1":{"name":"(anonymous_1)","decl":{"start":{"line":29,"column":12},"end":{"line":29,"column":13}},"loc":{"start":{"line":29,"column":22},"end":{"line":32,"column":5}}},"2":{"name":"oo_cm","decl":{"start":{"line":43,"column":30},"end":{"line":43,"column":35}},"loc":{"start":{"line":43,"column":35},"end":{"line":43,"column":36692}}},"3":{"name":"oo_oo","decl":{"start":{"line":43,"column":36702},"end":{"line":43,"column":36707}},"loc":{"start":{"line":43,"column":36727},"end":{"line":43,"column":36779}}},"4":{"name":"oo_tr","decl":{"start":{"line":43,"column":36795},"end":{"line":43,"column":36800}},"loc":{"start":{"line":43,"column":36820},"end":{"line":43,"column":36874}}},"5":{"name":"oo_ts","decl":{"start":{"line":43,"column":36890},"end":{"line":43,"column":36895}},"loc":{"start":{"line":43,"column":36895},"end":{"line":43,"column":36936}}},"6":{"name":"oo_te","decl":{"start":{"line":43,"column":36952},"end":{"line":43,"column":36957}},"loc":{"start":{"line":43,"column":36957},"end":{"line":43,"column":37001}}}},"branchMap":{"0":{"loc":{"start":{"line":43,"column":49},"end":{"line":43,"column":36679}},"type":"binary-expr","locations":[{"start":{"line":43,"column":49},"end":{"line":43,"column":86}},{"start":{"line":43,"column":90},"end":{"line":43,"column":36679}}]}},"s":{"0":4,"1":4,"2":4,"3":0,"4":0,"5":0,"6":0,"7":0,"8":4,"9":4,"10":0,"11":0,"12":0,"13":0,"14":0,"15":4,"16":0,"17":0,"18":0,"19":4,"20":0,"21":0,"22":4,"23":0,"24":0,"25":4},"f":{"0":0,"1":0,"2":0,"3":0,"4":0,"5":0,"6":0},"b":{"0":[0,0]}}
,"/Users/alfredobenitez/Desktop/PROYECTO FINAL /Proyect final front/src/services/api.repository.ts": {"path":"/Users/alfredobenitez/Desktop/PROYECTO FINAL /Proyect final front/src/services/api.repository.ts","statementMap":{"0":{"start":{"line":3,"column":14},"end":{"line":3,"column":38}},"1":{"start":{"line":2,"column":12},"end":{"line":2,"column":null}},"2":{"start":{"line":5,"column":4},"end":{"line":5,"column":23}},"3":{"start":{"line":8,"column":4},"end":{"line":10,"column":null}},"4":{"start":{"line":9,"column":6},"end":{"line":9,"column":56}},"5":{"start":{"line":11,"column":4},"end":{"line":13,"column":6}},"6":{"start":{"line":17,"column":21},"end":{"line":19,"column":6}},"7":{"start":{"line":20,"column":4},"end":{"line":23,"column":null}},"8":{"start":{"line":21,"column":22},"end":{"line":21,"column":71}},"9":{"start":{"line":22,"column":6},"end":{"line":22,"column":31}},"10":{"start":{"line":25,"column":4},"end":{"line":25,"column":43}},"11":{"start":{"line":28,"column":21},"end":{"line":32,"column":6}},"12":{"start":{"line":33,"column":4},"end":{"line":33,"column":41}},"13":{"start":{"line":37,"column":21},"end":{"line":39,"column":6}},"14":{"start":{"line":41,"column":4},"end":{"line":43,"column":null}},"15":{"start":{"line":42,"column":6},"end":{"line":42,"column":74}},"16":{"start":{"line":45,"column":4},"end":{"line":45,"column":41}},"17":{"start":{"line":1,"column":0},"end":{"line":1,"column":13}}},"fnMap":{"0":{"name":"(anonymous_0)","decl":{"start":{"line":3,"column":2},"end":{"line":3,"column":14}},"loc":{"start":{"line":3,"column":35},"end":{"line":3,"column":39}}},"1":{"name":"(anonymous_1)","decl":{"start":{"line":4,"column":2},"end":{"line":4,"column":10}},"loc":{"start":{"line":4,"column":24},"end":{"line":6,"column":3}}},"2":{"name":"(anonymous_2)","decl":{"start":{"line":7,"column":10},"end":{"line":7,"column":20}},"loc":{"start":{"line":7,"column":20},"end":{"line":14,"column":3}}},"3":{"name":"(anonymous_3)","decl":{"start":{"line":16,"column":2},"end":{"line":16,"column":7}},"loc":{"start":{"line":16,"column":14},"end":{"line":26,"column":3}}},"4":{"name":"(anonymous_4)","decl":{"start":{"line":27,"column":2},"end":{"line":27,"column":7}},"loc":{"start":{"line":27,"column":29},"end":{"line":34,"column":3}}},"5":{"name":"(anonymous_5)","decl":{"start":{"line":36,"column":2},"end":{"line":36,"column":7}},"loc":{"start":{"line":36,"column":23},"end":{"line":46,"column":3}}}},"branchMap":{"0":{"loc":{"start":{"line":8,"column":4},"end":{"line":10,"column":null}},"type":"if","locations":[{"start":{"line":8,"column":4},"end":{"line":10,"column":null}}]},"1":{"loc":{"start":{"line":20,"column":4},"end":{"line":23,"column":null}},"type":"if","locations":[{"start":{"line":20,"column":4},"end":{"line":23,"column":null}}]},"2":{"loc":{"start":{"line":41,"column":4},"end":{"line":43,"column":null}},"type":"if","locations":[{"start":{"line":41,"column":4},"end":{"line":43,"column":null}}]}},"s":{"0":2,"1":2,"2":0,"3":0,"4":0,"5":0,"6":0,"7":0,"8":0,"9":0,"10":0,"11":0,"12":0,"13":0,"14":0,"15":0,"16":0,"17":3},"f":{"0":2,"1":0,"2":0,"3":0,"4":0,"5":0},"b":{"0":[0],"1":[0],"2":[0]}}
,"/Users/alfredobenitez/Desktop/PROYECTO FINAL /Proyect final front/src/services/comment.repository.ts": {"path":"/Users/alfredobenitez/Desktop/PROYECTO FINAL /Proyect final front/src/services/comment.repository.ts","statementMap":{"0":{"start":{"line":2,"column":0},"end":{"line":2,"column":49}},"1":{"start":{"line":9,"column":4},"end":{"line":9,"column":15}},"2":{"start":{"line":8,"column":14},"end":{"line":8,"column":null}},"3":{"start":{"line":13,"column":21},"end":{"line":13,"column":42}},"4":{"start":{"line":14,"column":4},"end":{"line":17,"column":null}},"5":{"start":{"line":15,"column":22},"end":{"line":15,"column":71}},"6":{"start":{"line":16,"column":6},"end":{"line":16,"column":31}},"7":{"start":{"line":18,"column":17},"end":{"line":18,"column":56}},"8":{"start":{"line":19,"column":4},"end":{"line":19,"column":30}},"9":{"start":{"line":23,"column":21},"end":{"line":30,"column":6}},"10":{"start":{"line":31,"column":4},"end":{"line":33,"column":null}},"11":{"start":{"line":32,"column":6},"end":{"line":32,"column":73}},"12":{"start":{"line":34,"column":4},"end":{"line":34,"column":27}},"13":{"start":{"line":38,"column":21},"end":{"line":45,"column":6}},"14":{"start":{"line":46,"column":4},"end":{"line":46,"column":47}},"15":{"start":{"line":7,"column":0},"end":{"line":7,"column":13}}},"fnMap":{"0":{"name":"(anonymous_0)","decl":{"start":{"line":8,"column":2},"end":{"line":8,"column":14}},"loc":{"start":{"line":8,"column":37},"end":{"line":10,"column":3}}},"1":{"name":"(anonymous_1)","decl":{"start":{"line":12,"column":2},"end":{"line":12,"column":7}},"loc":{"start":{"line":12,"column":14},"end":{"line":20,"column":3}}},"2":{"name":"(anonymous_2)","decl":{"start":{"line":22,"column":2},"end":{"line":22,"column":7}},"loc":{"start":{"line":22,"column":44},"end":{"line":35,"column":3}}},"3":{"name":"(anonymous_3)","decl":{"start":{"line":37,"column":2},"end":{"line":37,"column":7}},"loc":{"start":{"line":37,"column":56},"end":{"line":47,"column":3}}}},"branchMap":{"0":{"loc":{"start":{"line":8,"column":21},"end":{"line":8,"column":37}},"type":"default-arg","locations":[{"start":{"line":8,"column":35},"end":{"line":8,"column":37}}]},"1":{"loc":{"start":{"line":14,"column":4},"end":{"line":17,"column":null}},"type":"if","locations":[{"start":{"line":14,"column":4},"end":{"line":17,"column":null}}]},"2":{"loc":{"start":{"line":31,"column":4},"end":{"line":33,"column":null}},"type":"if","locations":[{"start":{"line":31,"column":4},"end":{"line":33,"column":null}}]}},"s":{"0":3,"1":2,"2":2,"3":1,"4":1,"5":0,"6":0,"7":1,"8":1,"9":1,"10":1,"11":0,"12":1,"13":1,"14":1,"15":3},"f":{"0":2,"1":1,"2":1,"3":1},"b":{"0":[0],"1":[0],"2":[0]}}
,"/Users/alfredobenitez/Desktop/PROYECTO FINAL /Proyect final front/src/services/user.repository.ts": {"path":"/Users/alfredobenitez/Desktop/PROYECTO FINAL /Proyect final front/src/services/user.repository.ts","statementMap":{"0":{"start":{"line":7,"column":4},"end":{"line":7,"column":47}},"1":{"start":{"line":9,"column":14},"end":{"line":9,"column":35}},"2":{"start":{"line":11,"column":21},"end":{"line":11,"column":42}},"3":{"start":{"line":12,"column":4},"end":{"line":15,"column":null}},"4":{"start":{"line":13,"column":22},"end":{"line":13,"column":71}},"5":{"start":{"line":14,"column":6},"end":{"line":14,"column":31}},"6":{"start":{"line":16,"column":17},"end":{"line":16,"column":55}},"7":{"start":{"line":17,"column":4},"end":{"line":17,"column":30}},"8":{"start":{"line":21,"column":21},"end":{"line":25,"column":6}},"9":{"start":{"line":26,"column":4},"end":{"line":26,"column":44}},"10":{"start":{"line":30,"column":21},"end":{"line":34,"column":6}},"11":{"start":{"line":35,"column":4},"end":{"line":35,"column":44}},"12":{"start":{"line":5,"column":0},"end":{"line":5,"column":13}}},"fnMap":{"0":{"name":"(anonymous_0)","decl":{"start":{"line":6,"column":2},"end":{"line":6,"column":7}},"loc":{"start":{"line":6,"column":7},"end":{"line":8,"column":3}}},"1":{"name":"(anonymous_1)","decl":{"start":{"line":9,"column":2},"end":{"line":9,"column":14}},"loc":{"start":{"line":9,"column":32},"end":{"line":9,"column":36}}},"2":{"name":"(anonymous_2)","decl":{"start":{"line":10,"column":2},"end":{"line":10,"column":7}},"loc":{"start":{"line":10,"column":14},"end":{"line":18,"column":3}}},"3":{"name":"(anonymous_3)","decl":{"start":{"line":20,"column":2},"end":{"line":20,"column":7}},"loc":{"start":{"line":20,"column":36},"end":{"line":27,"column":3}}},"4":{"name":"(anonymous_4)","decl":{"start":{"line":29,"column":2},"end":{"line":29,"column":7}},"loc":{"start":{"line":29,"column":33},"end":{"line":36,"column":3}}}},"branchMap":{"0":{"loc":{"start":{"line":12,"column":4},"end":{"line":15,"column":null}},"type":"if","locations":[{"start":{"line":12,"column":4},"end":{"line":15,"column":null}}]}},"s":{"0":0,"1":0,"2":0,"3":0,"4":0,"5":0,"6":0,"7":0,"8":0,"9":0,"10":0,"11":0,"12":1},"f":{"0":0,"1":0,"2":0,"3":0,"4":0},"b":{"0":[0]}}
,"/Users/alfredobenitez/Desktop/PROYECTO FINAL /Proyect final front/src/store/store.ts": {"path":"/Users/alfredobenitez/Desktop/PROYECTO FINAL /Proyect final front/src/store/store.ts","statementMap":{"0":{"start":{"line":1,"column":0},"end":{"line":1,"column":50}},"1":{"start":{"line":2,"column":0},"end":{"line":2,"column":47}},"2":{"start":{"line":3,"column":0},"end":{"line":3,"column":53}},"3":{"start":{"line":4,"column":13},"end":{"line":9,"column":3}}},"fnMap":{},"branchMap":{},"s":{"0":1,"1":1,"2":1,"3":1},"f":{},"b":{}}
}
