TN:
SF:src/app/app.tsx
FN:12,App
FN:14,(anonymous_1)
FNF:2
FNH:0
FNDA:0,App
FNDA:0,(anonymous_1)
DA:1,0
DA:2,0
DA:3,0
DA:4,0
DA:6,0
DA:7,0
DA:8,0
DA:9,0
DA:10,0
DA:12,0
DA:13,0
DA:14,0
DA:15,0
DA:16,0
DA:17,0
DA:18,0
DA:19,0
DA:20,0
DA:25,0
DA:31,0
LF:20
LH:0
BRDA:16,0,0,0
BRDA:18,1,0,0
BRDA:18,2,0,0
BRDA:18,2,1,0
BRF:4
BRH:0
end_of_record
TN:
SF:src/components/app.routes/app.routes.tsx
FN:9,AppRoutes
FNF:1
FNH:1
FNDA:11,AppRoutes
DA:1,1
DA:2,1
DA:3,1
DA:4,1
DA:5,1
DA:6,1
DA:7,1
DA:9,1
DA:10,11
LF:9
LH:9
BRF:0
BRH:0
end_of_record
TN:
SF:src/components/comment detail/Commentdetail.tsx
FN:8,CommentPage
FNF:1
FNH:1
FNDA:4,CommentPage
DA:1,1
DA:2,1
DA:8,1
DA:9,4
LF:4
LH:4
BRF:0
BRH:0
end_of_record
TN:
SF:src/components/commentform/commentform.tsx
FN:6,CommentForm
FN:10,(anonymous_1)
FNF:2
FNH:1
FNDA:8,CommentForm
FNDA:0,(anonymous_1)
DA:2,2
DA:3,2
DA:4,2
DA:6,2
DA:7,8
DA:8,7
DA:10,3
DA:11,0
DA:13,0
DA:14,0
DA:15,0
DA:17,0
DA:18,0
DA:19,0
DA:20,0
DA:23,0
DA:24,0
DA:25,0
DA:28,0
DA:29,0
DA:32,3
LF:21
LH:8
BRDA:19,0,0,0
BRDA:19,1,0,0
BRDA:19,1,1,0
BRDA:23,2,0,0
BRDA:23,3,0,0
BRDA:23,3,1,0
BRDA:29,4,0,0
BRF:7
BRH:0
end_of_record
TN:
SF:src/components/footer/footer.tsx
FN:1,Footer
FNF:1
FNH:1
FNDA:1,Footer
DA:1,1
DA:2,1
LF:2
LH:2
BRF:0
BRH:0
end_of_record
TN:
SF:src/components/header/header.tsx
FN:8,Header
FN:11,(anonymous_1)
FN:12,(anonymous_2)
FN:19,(anonymous_3)
FN:23,(anonymous_4)
FN:60,oo_cm
FN:60,oo_oo
FN:60,oo_tr
FN:60,oo_ts
FN:60,oo_te
FNF:10
FNH:2
FNDA:4,Header
FNDA:0,(anonymous_1)
FNDA:1,(anonymous_2)
FNDA:0,(anonymous_3)
FNDA:0,(anonymous_4)
FNDA:0,oo_cm
FNDA:0,oo_oo
FNDA:0,oo_tr
FNDA:0,oo_ts
FNDA:0,oo_te
DA:1,1
DA:2,1
DA:3,1
DA:4,1
DA:6,1
DA:8,1
DA:9,4
DA:10,4
DA:11,4
DA:12,4
DA:13,1
DA:14,0
DA:16,1
DA:19,4
DA:20,0
DA:21,0
DA:23,4
DA:24,0
DA:25,0
DA:27,4
DA:60,1
LF:21
LH:16
BRDA:13,0,0,0
BRDA:13,0,1,1
BRDA:34,1,0,3
BRDA:34,1,1,1
BRDA:60,2,0,0
BRDA:60,2,1,0
BRF:6
BRH:3
end_of_record
TN:
SF:src/components/home/home.tsx
FN:3,Home
FNF:1
FNH:1
FNDA:3,Home
DA:1,2
DA:3,2
DA:4,3
LF:3
LH:3
BRF:0
BRH:0
end_of_record
TN:
SF:src/components/list comement/list.comment.tsx
FN:3,ListComment
FNF:1
FNH:0
FNDA:0,ListComment
DA:1,1
DA:3,1
DA:4,0
LF:3
LH:2
BRF:0
BRH:0
end_of_record
TN:
SF:src/components/login/login.tsx
FN:7,Login
FN:11,(anonymous_1)
FNF:2
FNH:1
FNDA:5,Login
FNDA:0,(anonymous_1)
DA:1,1
DA:2,1
DA:3,1
DA:5,1
DA:7,1
DA:8,5
DA:9,4
DA:10,0
DA:11,0
DA:12,0
DA:13,0
DA:14,0
DA:17,0
DA:21,0
DA:25,0
DA:26,0
DA:27,0
DA:28,0
DA:31,0
DA:35,0
LF:20
LH:7
BRDA:27,0,0,0
BRDA:31,1,0,0
BRDA:52,2,0,0
BRDA:52,2,1,0
BRF:4
BRH:0
end_of_record
TN:
SF:src/components/menu/menu.tsx
FN:9,Menu
FN:10,(anonymous_1)
FN:16,(anonymous_2)
FNF:3
FNH:0
FNDA:0,Menu
FNDA:0,(anonymous_1)
FNDA:0,(anonymous_2)
DA:1,0
DA:3,0
DA:4,0
DA:9,0
DA:10,0
DA:12,0
DA:17,0
LF:7
LH:0
BRDA:17,0,0,0
BRDA:17,0,1,0
BRDA:17,0,2,0
BRF:3
BRH:0
end_of_record
TN:
SF:src/components/register/register.tsx
FN:7,Register
FN:11,(anonymous_1)
FNF:2
FNH:1
FNDA:5,Register
FNDA:0,(anonymous_1)
DA:2,1
DA:4,1
DA:5,1
DA:7,1
DA:8,5
DA:9,4
DA:11,0
DA:12,0
DA:14,0
DA:16,0
DA:30,0
DA:36,0
DA:37,0
DA:39,0
DA:40,0
DA:44,0
LF:16
LH:6
BRDA:30,0,0,0
BRDA:30,0,1,0
BRDA:31,1,0,0
BRDA:31,1,1,0
BRDA:31,1,2,0
BRDA:31,1,3,0
BRF:6
BRH:0
end_of_record
TN:
SF:src/error/error.page.tsx
FN:2,Errorpage
FNF:1
FNH:1
FNDA:3,Errorpage
DA:1,2
DA:2,2
DA:3,3
LF:3
LH:3
BRF:0
BRH:0
end_of_record
TN:
SF:src/hooks/use.comment.ts
FN:7,useComment
FN:8,(anonymous_1)
FN:13,(anonymous_2)
FN:17,(anonymous_3)
FN:21,(anonymous_4)
FN:37,(anonymous_5)
FN:53,oo_cm
FN:53,oo_oo
FN:53,oo_tr
FN:53,oo_ts
FN:53,oo_te
FNF:11
FNH:1
FNDA:4,useComment
FNDA:0,(anonymous_1)
FNDA:0,(anonymous_2)
FNDA:0,(anonymous_3)
FNDA:0,(anonymous_4)
FNDA:0,(anonymous_5)
FNDA:0,oo_cm
FNDA:0,oo_oo
FNDA:0,oo_tr
FNDA:0,oo_ts
FNDA:0,oo_te
DA:1,2
DA:2,2
DA:4,2
DA:5,2
DA:7,2
DA:8,4
DA:9,0
DA:10,0
DA:12,0
DA:13,0
DA:17,0
DA:18,0
DA:21,0
DA:22,0
DA:23,0
DA:24,0
DA:26,0
DA:27,0
DA:29,0
DA:30,0
DA:32,0
DA:33,0
DA:37,0
DA:38,0
DA:41,0
DA:53,2
LF:26
LH:7
BRDA:26,0,0,0
BRDA:53,1,0,0
BRDA:53,1,1,0
BRF:3
BRH:0
end_of_record
TN:
SF:src/hooks/use.users.ts
FN:9,useUser
FN:16,(anonymous_1)
FN:18,(anonymous_2)
FN:21,(anonymous_3)
FN:25,(anonymous_4)
FN:50,(anonymous_5)
FNF:6
FNH:3
FNDA:17,useUser
FNDA:16,(anonymous_1)
FNDA:8,(anonymous_2)
FNDA:0,(anonymous_3)
FNDA:0,(anonymous_4)
FNDA:0,(anonymous_5)
DA:1,2
DA:3,2
DA:5,2
DA:6,2
DA:7,2
DA:9,2
DA:16,17
DA:17,8
DA:18,8
DA:19,0
DA:21,0
DA:22,0
DA:25,0
DA:26,0
DA:28,0
DA:29,0
DA:34,0
DA:35,0
DA:43,0
DA:44,0
DA:47,0
DA:50,0
DA:51,0
DA:52,0
DA:79,0
LF:25
LH:9
BRDA:28,0,0,0
BRDA:34,1,0,0
BRDA:34,2,0,0
BRDA:34,2,1,0
BRDA:37,3,0,0
BRDA:37,3,1,0
BRF:6
BRH:0
end_of_record
TN:
SF:src/reducers/actionTypes.ts
FNF:0
FNH:0
DA:1,3
LF:1
LH:1
BRF:0
BRH:0
end_of_record
TN:
SF:src/reducers/actionscreator.ts
FNF:0
FNH:0
DA:1,0
DA:2,0
DA:9,0
DA:10,0
DA:11,0
DA:14,0
LF:6
LH:0
BRF:0
BRH:0
end_of_record
TN:
SF:src/reducers/comment.slice.ts
FN:19,(anonymous_0)
FN:22,(anonymous_1)
FN:24,(anonymous_2)
FN:27,(anonymous_3)
FN:29,(anonymous_4)
FNF:5
FNH:0
FNDA:0,(anonymous_0)
FNDA:0,(anonymous_1)
FNDA:0,(anonymous_2)
FNDA:0,(anonymous_3)
FNDA:0,(anonymous_4)
DA:1,1
DA:12,1
DA:15,1
DA:20,0
DA:23,0
DA:24,0
DA:28,0
DA:29,0
DA:31,0
DA:32,0
DA:37,1
DA:40,1
LF:12
LH:5
BRDA:31,0,0,0
BRF:1
BRH:0
end_of_record
TN:
SF:src/reducers/thunks.ts
FN:12,(anonymous_0)
FN:19,(anonymous_1)
FN:21,(anonymous_2)
FN:30,(anonymous_3)
FN:38,(anonymous_4)
FN:46,(anonymous_5)
FNF:6
FNH:0
FNDA:0,(anonymous_0)
FNDA:0,(anonymous_1)
FNDA:0,(anonymous_2)
FNDA:0,(anonymous_3)
FNDA:0,(anonymous_4)
FNDA:0,(anonymous_5)
DA:1,3
DA:2,3
DA:10,3
DA:13,0
DA:17,3
DA:20,0
DA:21,0
DA:22,0
DA:24,0
DA:28,3
DA:31,0
DA:35,3
DA:39,0
DA:41,0
DA:44,3
DA:47,0
DA:48,0
LF:17
LH:7
BRF:0
BRH:0
end_of_record
TN:
SF:src/reducers/user.slice.ts
FN:24,(anonymous_0)
FN:29,(anonymous_1)
FN:43,oo_cm
FN:43,oo_oo
FN:43,oo_tr
FN:43,oo_ts
FN:43,oo_te
FNF:7
FNH:0
FNDA:0,(anonymous_0)
FNDA:0,(anonymous_1)
FNDA:0,oo_cm
FNDA:0,oo_oo
FNDA:0,oo_tr
FNDA:0,oo_ts
FNDA:0,oo_te
DA:1,4
DA:15,4
DA:19,4
DA:25,0
DA:26,0
DA:27,0
DA:30,0
DA:31,0
DA:35,4
DA:36,4
DA:43,4
LF:11
LH:6
BRDA:43,0,0,0
BRDA:43,0,1,0
BRF:2
BRH:0
end_of_record
TN:
SF:src/services/api.repository.ts
FN:3,(anonymous_0)
FN:4,(anonymous_1)
FN:7,(anonymous_2)
FN:16,(anonymous_3)
FN:27,(anonymous_4)
FN:36,(anonymous_5)
FNF:6
FNH:1
FNDA:2,(anonymous_0)
FNDA:0,(anonymous_1)
FNDA:0,(anonymous_2)
FNDA:0,(anonymous_3)
FNDA:0,(anonymous_4)
FNDA:0,(anonymous_5)
DA:1,3
DA:2,2
DA:3,2
DA:5,0
DA:8,0
DA:9,0
DA:11,0
DA:17,0
DA:20,0
DA:21,0
DA:22,0
DA:25,0
DA:28,0
DA:33,0
DA:37,0
DA:41,0
DA:42,0
DA:45,0
LF:18
LH:3
BRDA:8,0,0,0
BRDA:20,1,0,0
BRDA:41,2,0,0
BRF:3
BRH:0
end_of_record
TN:
SF:src/services/comment.repository.ts
FN:8,(anonymous_0)
FN:12,(anonymous_1)
FN:22,(anonymous_2)
FN:37,(anonymous_3)
FNF:4
FNH:4
FNDA:2,(anonymous_0)
FNDA:1,(anonymous_1)
FNDA:1,(anonymous_2)
FNDA:1,(anonymous_3)
DA:2,3
DA:7,3
DA:8,2
DA:9,2
DA:13,1
DA:14,1
DA:15,0
DA:16,0
DA:18,1
DA:19,1
DA:23,1
DA:31,1
DA:32,0
DA:34,1
DA:38,1
DA:46,1
LF:16
LH:13
BRDA:8,0,0,0
BRDA:14,1,0,0
BRDA:31,2,0,0
BRF:3
BRH:0
end_of_record
TN:
SF:src/services/user.repository.ts
FN:6,(anonymous_0)
FN:9,(anonymous_1)
FN:10,(anonymous_2)
FN:20,(anonymous_3)
FN:29,(anonymous_4)
FNF:5
FNH:0
FNDA:0,(anonymous_0)
FNDA:0,(anonymous_1)
FNDA:0,(anonymous_2)
FNDA:0,(anonymous_3)
FNDA:0,(anonymous_4)
DA:5,1
DA:7,0
DA:9,0
DA:11,0
DA:12,0
DA:13,0
DA:14,0
DA:16,0
DA:17,0
DA:21,0
DA:26,0
DA:30,0
DA:35,0
LF:13
LH:1
BRDA:12,0,0,0
BRF:1
BRH:0
end_of_record
TN:
SF:src/store/store.ts
FNF:0
FNH:0
DA:1,1
DA:2,1
DA:3,1
DA:4,1
LF:4
LH:4
BRF:0
BRH:0
end_of_record
